********************************************************************************
DUPLICATOR-LITE PACKAGE-LOG: 2018年3月18日 2:10 am
NOTICE: Do NOT post to public sites or forums 
********************************************************************************
VERSION:	1.2.34
WORDPRESS:	4.9.4
PHP INFO:	5.5.9-1ubuntu4.22 | SAPI: apache2handler
SERVER:		Apache/2.4.7 (Ubuntu) 
PHP TIME LIMIT: (0) no time limit imposed 
PHP MAX MEMORY: 2048M (128M default) 
MEMORY STACK: 20MB 

********************************************************************************
DATABASE:
********************************************************************************
BUILD MODE:   MYSQLDUMP
MYSQLTIMEOUT: 5000
MYSQLDUMP:    Is Supported 
FILTERED: [] 
RESPONSE: Ran from /usr/bin/mysqldump 
TABLES: total:32 | filtered:0 | create:32 
SQL CREATED: e4b8ade69687e382abe383a9e382aae382b1e5ae_73cd820923f56ad43810180318021018_database.sql 
SQL FILE SIZE: 1.36MB (1429123) 
SQL FILE TIME: 2018-03-18 02:12:10 
SQL RUNTIME: 73.01 sec. 

******************************************************************************** 
ARCHIVE (ZIP): 
******************************************************************************** 
ARCHIVE DIR:  /home/ubuntu/workspace 
ARCHIVE FILE: e4b8ade69687e382abe383a9e382aae382b1e5ae_73cd820923f56ad43810180318021018_archive.zip 
FILTERS: *ON* 
DIRS:
	/home/ubuntu/workspace/.c9/metadata/workspace
	/home/ubuntu/workspace/.git 
FILES:
	/home/ubuntu/workspace/app/tmp/debug_kit.sqlite 
EXTS:  not set 
---------------------------------------- 
COMPRESSING 
SIZE:	97.91MB 
STATS:	Dirs 2,221 | Files 10,468 
SQL ADDED: e4b8ade69687e382abe383a9e382aae382b1e5ae_73cd820923f56ad43810180318021018_database.sql 
ZipArchive Object
(
    [status] => 0
    [statusSys] => 0
    [numFiles] => 12689
    [filename] => /home/ubuntu/workspace/wp-snapshots/tmp/e4b8ade69687e382abe383a9e382aae382b1e5ae_73cd820923f56ad43810180318021018_archive.zip
    [comment] => 
)
 
COMPRESSION RESULT: '1' 
COMPRESSED SIZE: 40.57MB 
ARCHIVE RUNTIME: 14.86 sec. 
MEMORY STACK: 24.75MB 

******************************************************************************** 
MAKE INSTALLER: 
******************************************************************************** 
Build Start 
Build Finished 
Preping for use 
PACK SIZE:  
Template parsed with new data 
Complete [/home/ubuntu/workspace/wp-snapshots/tmp/e4b8ade69687e382abe383a9e382aae382b1e5ae_73cd820923f56ad43810180318021018_installer.php] 
Added to archive 

******************************************************************************** 
INTEGRITY CHECKS: 
******************************************************************************** 
SQL File: 1.36MB 
Installer File: 445.32KB 
Archive File: 40.57MB  

********************************************************************************
RECORD ID:[51]
TOTAL PROCESS RUNTIME: 91.95 sec.
PEAK PHP MEMORY USED: 26.25MB
DONE PROCESSING => e4b8ade69687e382abe383a9e382aae382b1e5ae 2018年3月18日 2:12 am
 
